
======================================
[2026-02-24 13:22:36] Amazon return tracker started
======================================
[2026-02-24 13:22:36] Running scrape.js...
ERROR: cookies.json not found. Run "node setup-login.js" first.
[2026-02-24 13:22:36] WARNING: scrape.js exited with code 1
           If orders.json exists from a prior run, report will use that data.
[2026-02-24 13:22:36] Running report.js...
ERROR: orders.json not found. Run "node scrape.js" first.
[2026-02-24 13:22:36] ERROR: report.js failed with code 1. Aborting.

======================================
[2026-02-24 13:23:38] Amazon return tracker started
======================================
[2026-02-24 13:23:38] Running scrape.js...
ERROR: cookies.json not found. Run "node setup-login.js" first.
[2026-02-24 13:23:38] WARNING: scrape.js exited with code 1
           If orders.json exists from a prior run, report will use that data.
[2026-02-24 13:23:38] Running report.js...
ERROR: orders.json not found. Run "node scrape.js" first.
[2026-02-24 13:23:38] ERROR: report.js failed with code 1. Aborting.

======================================
[2026-02-24 13:29:28] Amazon return tracker started
======================================
[2026-02-24 13:29:28] Running scrape.js...
Loaded 81 cookies from cookies.json
Scanning orders from the last 90 days...
Found 82 orders to process.
[1/82] Order ORDER #...
  ↳ No delivery date; using order date + 30 days
[2/82] Order ORDER #...
  ↳ No delivery date; using order date + 30 days
[3/82] Order ORDER #...
  ↳ No delivery date; using order date + 30 days
[4/82] Order ORDER #...
  ↳ No delivery date; using order date + 30 days
[5/82] Order ORDER #...
  ↳ No delivery date; using order date + 30 days
[6/82] Order ORDER #...
  ↳ No delivery date; using order date + 30 days
[7/82] Order ORDER #...
  ↳ No delivery date; using order date + 30 days
[8/82] Order ORDER #...
  ↳ No delivery date; using order date + 30 days
[9/82] Order ORDER #...
  ↳ No delivery date; using order date + 30 days
[10/82] Order ORDER #...
  ↳ No delivery date; using order date + 30 days
[11/82] Order ORDER #...
  ↳ No delivery date; using order date + 30 days
[12/82] Order ORDER #...
  ↳ No delivery date; using order date + 30 days
[13/82] Order ORDER #...
  ↳ ERROR processing order ORDER #: page.goto: net::ERR_ABORTED at https://www.amazon.com/your-orders/order-details?orderID=112-5337550-1562618&ref=ppx_yo2ov_dt_b_fed_order_details
Call log:
[2m  - navigating to "https://www.amazon.com/your-orders/order-details?orderID=112-5337550-1562618&ref=ppx_yo2ov_dt_b_fed_order_details", waiting until "domcontentloaded"[22m

[14/82] Order ORDER #...
  ↳ ERROR processing order ORDER #: page.goto: Target page, context or browser has been closed
[15/82] Order ORDER #...
  ↳ ERROR processing order ORDER #: page.goto: Target page, context or browser has been closed
[16/82] Order ORDER #...
  ↳ ERROR processing order ORDER #: page.goto: Target page, context or browser has been closed
[17/82] Order ORDER #...
  ↳ ERROR processing order ORDER #: page.goto: Target page, context or browser has been closed
[18/82] Order ORDER #...
  ↳ ERROR processing order ORDER #: page.goto: Target page, context or browser has been closed
[19/82] Order ORDER #...
  ↳ ERROR processing order ORDER #: page.goto: Target page, context or browser has been closed
[20/82] Order ORDER #...
  ↳ ERROR processing order ORDER #: page.goto: Target page, context or browser has been closed
[21/82] Order ORDER #...
  ↳ ERROR processing order ORDER #: page.goto: Target page, context or browser has been closed
[22/82] Order ORDER #...
  ↳ ERROR processing order ORDER #: page.goto: Target page, context or browser has been closed
[23/82] Order ORDER #...
  ↳ ERROR processing order ORDER #: page.goto: Target page, context or browser has been closed
[24/82] Order ORDER #...
  ↳ ERROR processing order ORDER #: page.goto: Target page, context or browser has been closed
[25/82] Order ORDER #...
  ↳ ERROR processing order ORDER #: page.goto: Target page, context or browser has been closed
[26/82] Order ORDER #...
  ↳ ERROR processing order ORDER #: page.goto: Target page, context or browser has been closed
[27/82] Order ORDER #...
  ↳ ERROR processing order ORDER #: page.goto: Target page, context or browser has been closed
[28/82] Order ORDER #...
  ↳ ERROR processing order ORDER #: page.goto: Target page, context or browser has been closed
[29/82] Order ORDER #...
  ↳ ERROR processing order ORDER #: page.goto: Target page, context or browser has been closed
[30/82] Order ORDER #...
  ↳ ERROR processing order ORDER #: page.goto: Target page, context or browser has been closed
[31/82] Order ORDER #...
  ↳ ERROR processing order ORDER #: page.goto: Target page, context or browser has been closed
[32/82] Order ORDER #...
  ↳ ERROR processing order ORDER #: page.goto: Target page, context or browser has been closed
[33/82] Order ORDER #...
  ↳ ERROR processing order ORDER #: page.goto: Target page, context or browser has been closed
[34/82] Order ORDER #...
  ↳ ERROR processing order ORDER #: page.goto: Target page, context or browser has been closed
[35/82] Order ORDER #...
  ↳ ERROR processing order ORDER #: page.goto: Target page, context or browser has been closed
[36/82] Order ORDER #...
  ↳ ERROR processing order ORDER #: page.goto: Target page, context or browser has been closed
[37/82] Order ORDER #...
  ↳ ERROR processing order ORDER #: page.goto: Target page, context or browser has been closed
[38/82] Order ORDER #...
  ↳ ERROR processing order ORDER #: page.goto: Target page, context or browser has been closed
[39/82] Order ORDER #...
  ↳ ERROR processing order ORDER #: page.goto: Target page, context or browser has been closed
[40/82] Order ORDER #...
  ↳ ERROR processing order ORDER #: page.goto: Target page, context or browser has been closed
[41/82] Order ORDER #...
  ↳ ERROR processing order ORDER #: page.goto: Target page, context or browser has been closed
[42/82] Order ORDER #...
  ↳ ERROR processing order ORDER #: page.goto: Target page, context or browser has been closed
[43/82] Order ORDER #...
  ↳ ERROR processing order ORDER #: page.goto: Target page, context or browser has been closed
[44/82] Order ORDER #...
  ↳ ERROR processing order ORDER #: page.goto: Target page, context or browser has been closed
[45/82] Order ORDER #...
  ↳ ERROR processing order ORDER #: page.goto: Target page, context or browser has been closed
[46/82] Order ORDER #...
  ↳ ERROR processing order ORDER #: page.goto: Target page, context or browser has been closed
[47/82] Order ORDER #...
  ↳ ERROR processing order ORDER #: page.goto: Target page, context or browser has been closed
[48/82] Order ORDER #...
  ↳ ERROR processing order ORDER #: page.goto: Target page, context or browser has been closed
[49/82] Order ORDER #...
  ↳ ERROR processing order ORDER #: page.goto: Target page, context or browser has been closed
[50/82] Order ORDER #...
  ↳ ERROR processing order ORDER #: page.goto: Target page, context or browser has been closed
[51/82] Order ORDER #...
  ↳ ERROR processing order ORDER #: page.goto: Target page, context or browser has been closed
[52/82] Order ORDER #...
  ↳ ERROR processing order ORDER #: page.goto: Target page, context or browser has been closed
[53/82] Order ORDER #...
  ↳ ERROR processing order ORDER #: page.goto: Target page, context or browser has been closed
[54/82] Order ORDER #...
  ↳ ERROR processing order ORDER #: page.goto: Target page, context or browser has been closed
[55/82] Order ORDER #...
  ↳ ERROR processing order ORDER #: page.goto: Target page, context or browser has been closed
[56/82] Order ORDER #...
  ↳ ERROR processing order ORDER #: page.goto: Target page, context or browser has been closed
[57/82] Order ORDER #...
  ↳ ERROR processing order ORDER #: page.goto: Target page, context or browser has been closed
[58/82] Order ORDER #...
  ↳ ERROR processing order ORDER #: page.goto: Target page, context or browser has been closed
[59/82] Order ORDER #...
  ↳ ERROR processing order ORDER #: page.goto: Target page, context or browser has been closed
[60/82] Order ORDER #...
  ↳ ERROR processing order ORDER #: page.goto: Target page, context or browser has been closed
[61/82] Order ORDER #...
  ↳ ERROR processing order ORDER #: page.goto: Target page, context or browser has been closed
[62/82] Order ORDER #...
  ↳ ERROR processing order ORDER #: page.goto: Target page, context or browser has been closed
[63/82] Order ORDER #...
  ↳ ERROR processing order ORDER #: page.goto: Target page, context or browser has been closed
[64/82] Order ORDER #...
  ↳ ERROR processing order ORDER #: page.goto: Target page, context or browser has been closed
[65/82] Order ORDER #...
  ↳ ERROR processing order ORDER #: page.goto: Target page, context or browser has been closed
[66/82] Order ORDER #...
  ↳ ERROR processing order ORDER #: page.goto: Target page, context or browser has been closed
[67/82] Order ORDER #...
  ↳ ERROR processing order ORDER #: page.goto: Target page, context or browser has been closed
[68/82] Order ORDER #...
  ↳ ERROR processing order ORDER #: page.goto: Target page, context or browser has been closed
[69/82] Order ORDER #...
  ↳ ERROR processing order ORDER #: page.goto: Target page, context or browser has been closed
[70/82] Order ORDER #...
  ↳ ERROR processing order ORDER #: page.goto: Target page, context or browser has been closed
[71/82] Order ORDER #...
  ↳ ERROR processing order ORDER #: page.goto: Target page, context or browser has been closed
[72/82] Order ORDER #...
  ↳ ERROR processing order ORDER #: page.goto: Target page, context or browser has been closed
[73/82] Order ORDER #...
  ↳ ERROR processing order ORDER #: page.goto: Target page, context or browser has been closed
[74/82] Order ORDER #...
  ↳ ERROR processing order ORDER #: page.goto: Target page, context or browser has been closed
[75/82] Order ORDER #...
  ↳ ERROR processing order ORDER #: page.goto: Target page, context or browser has been closed
[76/82] Order ORDER #...
  ↳ ERROR processing order ORDER #: page.goto: Target page, context or browser has been closed
[77/82] Order ORDER #...
  ↳ ERROR processing order ORDER #: page.goto: Target page, context or browser has been closed
[78/82] Order ORDER #...
  ↳ ERROR processing order ORDER #: page.goto: Target page, context or browser has been closed
[79/82] Order ORDER #...
  ↳ ERROR processing order ORDER #: page.goto: Target page, context or browser has been closed
[80/82] Order ORDER #...
  ↳ ERROR processing order ORDER #: page.goto: Target page, context or browser has been closed
[81/82] Order ORDER #...
  ↳ ERROR processing order ORDER #: page.goto: Target page, context or browser has been closed
[82/82] Order ORDER #...
  ↳ ERROR processing order ORDER #: page.goto: Target page, context or browser has been closed

Saved 82 item(s) from 82 order(s) to orders.json

======================================
[2026-02-24 13:31:19] Amazon return tracker started
======================================
[2026-02-24 13:31:19] Running scrape.js...
Loaded 81 cookies from cookies.json
Scanning orders from the last 90 days...
Found 82 orders to process.
[1/82] Order ORDER #...
  ↳ No delivery date; using order date + 30 days
[2/82] Order ORDER #...
  ↳ No delivery date; using order date + 30 days
[3/82] Order ORDER #...
  ↳ No delivery date; using order date + 30 days
[4/82] Order ORDER #...
  ↳ No delivery date; using order date + 30 days
[5/82] Order ORDER #...
  ↳ No delivery date; using order date + 30 days
[6/82] Order ORDER #...
  ↳ No delivery date; using order date + 30 days
[7/82] Order ORDER #...
  ↳ No delivery date; using order date + 30 days
[8/82] Order ORDER #...
  ↳ No delivery date; using order date + 30 days
[9/82] Order ORDER #...
  ↳ No delivery date; using order date + 30 days
[10/82] Order ORDER #...

======================================
[2026-02-24 13:31:56] Amazon return tracker started
======================================
[2026-02-24 13:31:56] Running scrape.js...
Loaded 81 cookies from cookies.json
Scanning orders from the last 90 days...
  ↳ No delivery date; using order date + 30 days
[11/82] Order ORDER #...
  ↳ No delivery date; using order date + 30 days
[12/82] Order ORDER #...
  ↳ No delivery date; using order date + 30 days
[13/82] Order ORDER #...
  ↳ No delivery date; using order date + 30 days
[14/82] Order ORDER #...
  ↳ No delivery date; using order date + 30 days
[15/82] Order ORDER #...
Found 82 orders to process.
[1/82] Order ORDER #...
  ↳ No delivery date; using order date + 30 days
[16/82] Order ORDER #...
  ↳ No delivery date; using order date + 30 days
[2/82] Order ORDER #...
  ↳ ERROR processing order ORDER #: page.goto: net::ERR_ABORTED at https://www.amazon.com/your-orders/order-details?orderID=112-6524069-0356260&ref=ppx_yo2ov_dt_b_fed_order_details
Call log:
[2m  - navigating to "https://www.amazon.com/your-orders/order-details?orderID=112-6524069-0356260&ref=ppx_yo2ov_dt_b_fed_order_details", waiting until "domcontentloaded"[22m

[3/82] Order ORDER #...
  ↳ ERROR processing order ORDER #: page.goto: Target page, context or browser has been closed
[4/82] Order ORDER #...
  ↳ ERROR processing order ORDER #: page.goto: Target page, context or browser has been closed
[5/82] Order ORDER #...
  ↳ ERROR processing order ORDER #: page.goto: Target page, context or browser has been closed
[6/82] Order ORDER #...
  ↳ ERROR processing order ORDER #: page.goto: Target page, context or browser has been closed
[7/82] Order ORDER #...
  ↳ ERROR processing order ORDER #: page.goto: Target page, context or browser has been closed
[8/82] Order ORDER #...
  ↳ ERROR processing order ORDER #: page.goto: Target page, context or browser has been closed
[9/82] Order ORDER #...
  ↳ ERROR processing order ORDER #: page.goto: Target page, context or browser has been closed
[10/82] Order ORDER #...
  ↳ ERROR processing order ORDER #: page.goto: Target page, context or browser has been closed
[11/82] Order ORDER #...
  ↳ ERROR processing order ORDER #: page.goto: Target page, context or browser has been closed
[12/82] Order ORDER #...
  ↳ ERROR processing order ORDER #: page.goto: Target page, context or browser has been closed
[13/82] Order ORDER #...
  ↳ ERROR processing order ORDER #: page.goto: Target page, context or browser has been closed
[14/82] Order ORDER #...
  ↳ ERROR processing order ORDER #: page.goto: Target page, context or browser has been closed
[15/82] Order ORDER #...
  ↳ ERROR processing order ORDER #: page.goto: Target page, context or browser has been closed
[16/82] Order ORDER #...
  ↳ ERROR processing order ORDER #: page.goto: Target page, context or browser has been closed
[17/82] Order ORDER #...
  ↳ ERROR processing order ORDER #: page.goto: Target page, context or browser has been closed
[18/82] Order ORDER #...
  ↳ ERROR processing order ORDER #: page.goto: Target page, context or browser has been closed
[19/82] Order ORDER #...
  ↳ ERROR processing order ORDER #: page.goto: Target page, context or browser has been closed
[20/82] Order ORDER #...
  ↳ ERROR processing order ORDER #: page.goto: Target page, context or browser has been closed
[21/82] Order ORDER #...
  ↳ ERROR processing order ORDER #: page.goto: Target page, context or browser has been closed
[22/82] Order ORDER #...
  ↳ ERROR processing order ORDER #: page.goto: Target page, context or browser has been closed
[23/82] Order ORDER #...
  ↳ ERROR processing order ORDER #: page.goto: Target page, context or browser has been closed
[24/82] Order ORDER #...
  ↳ ERROR processing order ORDER #: page.goto: Target page, context or browser has been closed
[25/82] Order ORDER #...
  ↳ ERROR processing order ORDER #: page.goto: Target page, context or browser has been closed
[26/82] Order ORDER #...
  ↳ ERROR processing order ORDER #: page.goto: Target page, context or browser has been closed
[27/82] Order ORDER #...
  ↳ ERROR processing order ORDER #: page.goto: Target page, context or browser has been closed
[28/82] Order ORDER #...
  ↳ ERROR processing order ORDER #: page.goto: Target page, context or browser has been closed
[29/82] Order ORDER #...
  ↳ ERROR processing order ORDER #: page.goto: Target page, context or browser has been closed
[30/82] Order ORDER #...
  ↳ ERROR processing order ORDER #: page.goto: Target page, context or browser has been closed
[31/82] Order ORDER #...
  ↳ ERROR processing order ORDER #: page.goto: Target page, context or browser has been closed
[32/82] Order ORDER #...
  ↳ ERROR processing order ORDER #: page.goto: Target page, context or browser has been closed
[33/82] Order ORDER #...
  ↳ ERROR processing order ORDER #: page.goto: Target page, context or browser has been closed
[34/82] Order ORDER #...
  ↳ ERROR processing order ORDER #: page.goto: Target page, context or browser has been closed
[35/82] Order ORDER #...
  ↳ ERROR processing order ORDER #: page.goto: Target page, context or browser has been closed
[36/82] Order ORDER #...
  ↳ ERROR processing order ORDER #: page.goto: Target page, context or browser has been closed
[37/82] Order ORDER #...
  ↳ ERROR processing order ORDER #: page.goto: Target page, context or browser has been closed
[38/82] Order ORDER #...
  ↳ ERROR processing order ORDER #: page.goto: Target page, context or browser has been closed
[39/82] Order ORDER #...
  ↳ ERROR processing order ORDER #: page.goto: Target page, context or browser has been closed
[40/82] Order ORDER #...
  ↳ ERROR processing order ORDER #: page.goto: Target page, context or browser has been closed
[41/82] Order ORDER #...
  ↳ ERROR processing order ORDER #: page.goto: Target page, context or browser has been closed
[42/82] Order ORDER #...
  ↳ ERROR processing order ORDER #: page.goto: Target page, context or browser has been closed
[43/82] Order ORDER #...
  ↳ ERROR processing order ORDER #: page.goto: Target page, context or browser has been closed
[44/82] Order ORDER #...
  ↳ ERROR processing order ORDER #: page.goto: Target page, context or browser has been closed
[45/82] Order ORDER #...
  ↳ ERROR processing order ORDER #: page.goto: Target page, context or browser has been closed
[46/82] Order ORDER #...
  ↳ ERROR processing order ORDER #: page.goto: Target page, context or browser has been closed
[47/82] Order ORDER #...
  ↳ ERROR processing order ORDER #: page.goto: Target page, context or browser has been closed
[48/82] Order ORDER #...
  ↳ ERROR processing order ORDER #: page.goto: Target page, context or browser has been closed
[49/82] Order ORDER #...
  ↳ ERROR processing order ORDER #: page.goto: Target page, context or browser has been closed
[50/82] Order ORDER #...
  ↳ ERROR processing order ORDER #: page.goto: Target page, context or browser has been closed
[51/82] Order ORDER #...
  ↳ ERROR processing order ORDER #: page.goto: Target page, context or browser has been closed
[52/82] Order ORDER #...
  ↳ ERROR processing order ORDER #: page.goto: Target page, context or browser has been closed
[53/82] Order ORDER #...
  ↳ ERROR processing order ORDER #: page.goto: Target page, context or browser has been closed
[54/82] Order ORDER #...
  ↳ ERROR processing order ORDER #: page.goto: Target page, context or browser has been closed
[55/82] Order ORDER #...
  ↳ ERROR processing order ORDER #: page.goto: Target page, context or browser has been closed
[56/82] Order ORDER #...
  ↳ ERROR processing order ORDER #: page.goto: Target page, context or browser has been closed
[57/82] Order ORDER #...
  ↳ ERROR processing order ORDER #: page.goto: Target page, context or browser has been closed
[58/82] Order ORDER #...
  ↳ ERROR processing order ORDER #: page.goto: Target page, context or browser has been closed
[59/82] Order ORDER #...
  ↳ ERROR processing order ORDER #: page.goto: Target page, context or browser has been closed
[60/82] Order ORDER #...
  ↳ ERROR processing order ORDER #: page.goto: Target page, context or browser has been closed
[61/82] Order ORDER #...
  ↳ ERROR processing order ORDER #: page.goto: Target page, context or browser has been closed
[62/82] Order ORDER #...
  ↳ ERROR processing order ORDER #: page.goto: Target page, context or browser has been closed
[63/82] Order ORDER #...
  ↳ ERROR processing order ORDER #: page.goto: Target page, context or browser has been closed
[64/82] Order ORDER #...
  ↳ ERROR processing order ORDER #: page.goto: Target page, context or browser has been closed
[65/82] Order ORDER #...
  ↳ ERROR processing order ORDER #: page.goto: Target page, context or browser has been closed
[66/82] Order ORDER #...
  ↳ ERROR processing order ORDER #: page.goto: Target page, context or browser has been closed
[67/82] Order ORDER #...
  ↳ ERROR processing order ORDER #: page.goto: Target page, context or browser has been closed
[68/82] Order ORDER #...
  ↳ ERROR processing order ORDER #: page.goto: Target page, context or browser has been closed
[69/82] Order ORDER #...
  ↳ ERROR processing order ORDER #: page.goto: Target page, context or browser has been closed
[70/82] Order ORDER #...
  ↳ ERROR processing order ORDER #: page.goto: Target page, context or browser has been closed
[71/82] Order ORDER #...
  ↳ ERROR processing order ORDER #: page.goto: Target page, context or browser has been closed
[72/82] Order ORDER #...
  ↳ ERROR processing order ORDER #: page.goto: Target page, context or browser has been closed
[73/82] Order ORDER #...
  ↳ ERROR processing order ORDER #: page.goto: Target page, context or browser has been closed
[74/82] Order ORDER #...
  ↳ ERROR processing order ORDER #: page.goto: Target page, context or browser has been closed
[75/82] Order ORDER #...
  ↳ ERROR processing order ORDER #: page.goto: Target page, context or browser has been closed
[76/82] Order ORDER #...
  ↳ ERROR processing order ORDER #: page.goto: Target page, context or browser has been closed
[77/82] Order ORDER #...
  ↳ ERROR processing order ORDER #: page.goto: Target page, context or browser has been closed
[78/82] Order ORDER #...
  ↳ ERROR processing order ORDER #: page.goto: Target page, context or browser has been closed
[79/82] Order ORDER #...
  ↳ ERROR processing order ORDER #: page.goto: Target page, context or browser has been closed
[80/82] Order ORDER #...
  ↳ ERROR processing order ORDER #: page.goto: Target page, context or browser has been closed
[81/82] Order ORDER #...
  ↳ ERROR processing order ORDER #: page.goto: Target page, context or browser has been closed
[82/82] Order ORDER #...
  ↳ ERROR processing order ORDER #: page.goto: Target page, context or browser has been closed

Saved 82 item(s) from 82 order(s) to orders.json
  ↳ ERROR processing order ORDER #: page.waitForTimeout: Target page, context or browser has been closed
[17/82] Order ORDER #...
  ↳ ERROR processing order ORDER #: page.goto: Target page, context or browser has been closed
[18/82] Order ORDER #...
  ↳ ERROR processing order ORDER #: page.goto: Target page, context or browser has been closed
[19/82] Order ORDER #...
  ↳ ERROR processing order ORDER #: page.goto: Target page, context or browser has been closed
[20/82] Order ORDER #...
  ↳ ERROR processing order ORDER #: page.goto: Target page, context or browser has been closed
[21/82] Order ORDER #...
  ↳ ERROR processing order ORDER #: page.goto: Target page, context or browser has been closed
[22/82] Order ORDER #...
  ↳ ERROR processing order ORDER #: page.goto: Target page, context or browser has been closed
[23/82] Order ORDER #...
  ↳ ERROR processing order ORDER #: page.goto: Target page, context or browser has been closed
[24/82] Order ORDER #...
  ↳ ERROR processing order ORDER #: page.goto: Target page, context or browser has been closed
[25/82] Order ORDER #...
  ↳ ERROR processing order ORDER #: page.goto: Target page, context or browser has been closed
[26/82] Order ORDER #...
  ↳ ERROR processing order ORDER #: page.goto: Target page, context or browser has been closed
[27/82] Order ORDER #...
  ↳ ERROR processing order ORDER #: page.goto: Target page, context or browser has been closed
[28/82] Order ORDER #...
  ↳ ERROR processing order ORDER #: page.goto: Target page, context or browser has been closed
[29/82] Order ORDER #...
  ↳ ERROR processing order ORDER #: page.goto: Target page, context or browser has been closed
[30/82] Order ORDER #...
  ↳ ERROR processing order ORDER #: page.goto: Target page, context or browser has been closed
[31/82] Order ORDER #...
  ↳ ERROR processing order ORDER #: page.goto: Target page, context or browser has been closed
[32/82] Order ORDER #...
  ↳ ERROR processing order ORDER #: page.goto: Target page, context or browser has been closed
[33/82] Order ORDER #...
  ↳ ERROR processing order ORDER #: page.goto: Target page, context or browser has been closed
[34/82] Order ORDER #...
  ↳ ERROR processing order ORDER #: page.goto: Target page, context or browser has been closed
[35/82] Order ORDER #...
  ↳ ERROR processing order ORDER #: page.goto: Target page, context or browser has been closed
[36/82] Order ORDER #...
  ↳ ERROR processing order ORDER #: page.goto: Target page, context or browser has been closed
[37/82] Order ORDER #...
  ↳ ERROR processing order ORDER #: page.goto: Target page, context or browser has been closed
[38/82] Order ORDER #...
  ↳ ERROR processing order ORDER #: page.goto: Target page, context or browser has been closed
[39/82] Order ORDER #...
  ↳ ERROR processing order ORDER #: page.goto: Target page, context or browser has been closed
[40/82] Order ORDER #...
  ↳ ERROR processing order ORDER #: page.goto: Target page, context or browser has been closed
[41/82] Order ORDER #...
  ↳ ERROR processing order ORDER #: page.goto: Target page, context or browser has been closed
[42/82] Order ORDER #...
  ↳ ERROR processing order ORDER #: page.goto: Target page, context or browser has been closed
[43/82] Order ORDER #...
  ↳ ERROR processing order ORDER #: page.goto: Target page, context or browser has been closed
[44/82] Order ORDER #...
  ↳ ERROR processing order ORDER #: page.goto: Target page, context or browser has been closed
[45/82] Order ORDER #...
  ↳ ERROR processing order ORDER #: page.goto: Target page, context or browser has been closed
[46/82] Order ORDER #...
  ↳ ERROR processing order ORDER #: page.goto: Target page, context or browser has been closed
[47/82] Order ORDER #...
  ↳ ERROR processing order ORDER #: page.goto: Target page, context or browser has been closed
[48/82] Order ORDER #...
  ↳ ERROR processing order ORDER #: page.goto: Target page, context or browser has been closed
[49/82] Order ORDER #...
  ↳ ERROR processing order ORDER #: page.goto: Target page, context or browser has been closed
[50/82] Order ORDER #...
  ↳ ERROR processing order ORDER #: page.goto: Target page, context or browser has been closed
[51/82] Order ORDER #...
  ↳ ERROR processing order ORDER #: page.goto: Target page, context or browser has been closed
[52/82] Order ORDER #...
  ↳ ERROR processing order ORDER #: page.goto: Target page, context or browser has been closed
[53/82] Order ORDER #...
  ↳ ERROR processing order ORDER #: page.goto: Target page, context or browser has been closed
[54/82] Order ORDER #...
  ↳ ERROR processing order ORDER #: page.goto: Target page, context or browser has been closed
[55/82] Order ORDER #...
  ↳ ERROR processing order ORDER #: page.goto: Target page, context or browser has been closed
[56/82] Order ORDER #...
  ↳ ERROR processing order ORDER #: page.goto: Target page, context or browser has been closed
[57/82] Order ORDER #...
  ↳ ERROR processing order ORDER #: page.goto: Target page, context or browser has been closed
[58/82] Order ORDER #...
  ↳ ERROR processing order ORDER #: page.goto: Target page, context or browser has been closed
[59/82] Order ORDER #...
  ↳ ERROR processing order ORDER #: page.goto: Target page, context or browser has been closed
[60/82] Order ORDER #...
  ↳ ERROR processing order ORDER #: page.goto: Target page, context or browser has been closed
[61/82] Order ORDER #...
  ↳ ERROR processing order ORDER #: page.goto: Target page, context or browser has been closed
[62/82] Order ORDER #...
  ↳ ERROR processing order ORDER #: page.goto: Target page, context or browser has been closed
[63/82] Order ORDER #...
  ↳ ERROR processing order ORDER #: page.goto: Target page, context or browser has been closed
[64/82] Order ORDER #...
  ↳ ERROR processing order ORDER #: page.goto: Target page, context or browser has been closed
[65/82] Order ORDER #...
  ↳ ERROR processing order ORDER #: page.goto: Target page, context or browser has been closed
[66/82] Order ORDER #...
  ↳ ERROR processing order ORDER #: page.goto: Target page, context or browser has been closed
[67/82] Order ORDER #...
  ↳ ERROR processing order ORDER #: page.goto: Target page, context or browser has been closed
[68/82] Order ORDER #...
  ↳ ERROR processing order ORDER #: page.goto: Target page, context or browser has been closed
[69/82] Order ORDER #...
  ↳ ERROR processing order ORDER #: page.goto: Target page, context or browser has been closed
[70/82] Order ORDER #...
  ↳ ERROR processing order ORDER #: page.goto: Target page, context or browser has been closed
[71/82] Order ORDER #...
  ↳ ERROR processing order ORDER #: page.goto: Target page, context or browser has been closed
[72/82] Order ORDER #...
  ↳ ERROR processing order ORDER #: page.goto: Target page, context or browser has been closed
[73/82] Order ORDER #...
  ↳ ERROR processing order ORDER #: page.goto: Target page, context or browser has been closed
[74/82] Order ORDER #...
  ↳ ERROR processing order ORDER #: page.goto: Target page, context or browser has been closed
[75/82] Order ORDER #...
  ↳ ERROR processing order ORDER #: page.goto: Target page, context or browser has been closed
[76/82] Order ORDER #...
  ↳ ERROR processing order ORDER #: page.goto: Target page, context or browser has been closed
[77/82] Order ORDER #...
  ↳ ERROR processing order ORDER #: page.goto: Target page, context or browser has been closed
[78/82] Order ORDER #...
  ↳ ERROR processing order ORDER #: page.goto: Target page, context or browser has been closed
[79/82] Order ORDER #...
  ↳ ERROR processing order ORDER #: page.goto: Target page, context or browser has been closed
[80/82] Order ORDER #...
  ↳ ERROR processing order ORDER #: page.goto: Target page, context or browser has been closed
[81/82] Order ORDER #...
  ↳ ERROR processing order ORDER #: page.goto: Target page, context or browser has been closed
[82/82] Order ORDER #...
  ↳ ERROR processing order ORDER #: page.goto: Target page, context or browser has been closed

Saved 82 item(s) from 82 order(s) to orders.json

======================================
[2026-02-25 09:11:16] Amazon return tracker started
======================================
[2026-02-25 09:11:16] Running scrape.js...
Loaded 57 cookies

── Pass 1: scanning order history (last 90 days) ──
Session expired. Re-run "node setup-login.js".
[2026-02-25 09:11:20] WARNING: scrape.js exited with code 1
           If orders.json exists from a prior run, report will use that data.
[2026-02-25 09:11:20] Running report.js...
4 item(s) need return SOON. 15 total returnable. 25 already returned.
[2026-02-25 09:11:20] report.js completed successfully.
[2026-02-25 09:11:20] Running notify.js...
Notification sent: 4 item(s) need return SOON. 15 total returnable. 25 already returned.
Opened report.html in browser (urgent items present).
[2026-02-25 09:11:21] notify.js completed successfully.
[2026-02-25 09:11:21] Pipeline complete.

======================================
[2026-03-04 09:00:05] Amazon return tracker started
======================================
[2026-03-04 09:00:05] Running scrape.js...
Loaded 57 cookies

── Pass 1: scanning order history (last 90 days) ──
Session expired. Re-run "node setup-login.js".
[2026-03-04 09:00:10] WARNING: scrape.js exited with code 1
           If orders.json exists from a prior run, report will use that data.
[2026-03-04 09:00:10] Running report.js...
5 item(s) need return SOON. 11 total returnable. 25 already returned.
[2026-03-04 09:00:10] report.js completed successfully.
[2026-03-04 09:00:10] Running notify.js...
Notification sent: 5 item(s) need return SOON. 11 total returnable. 25 already returned.
Opened report.html in browser (urgent items present).
[2026-03-04 09:00:10] notify.js completed successfully.
[2026-03-04 09:00:10] Pipeline complete.
